0 info it worked if it ends with ok
1 verbose cli [ 'X:\\CODE\\_javascript\\nodejs\\node.exe',
1 verbose cli   'X:\\CODE\\_javascript\\nodejs\\node_modules\\npm\\bin\\npm-cli.js',
1 verbose cli   'run',
1 verbose cli   'start' ]
2 info using npm@3.10.10
3 info using node@v6.11.0
4 verbose run-script [ 'prestart', 'start', 'poststart' ]
5 info lifecycle basic-car-game@1.0.0~prestart: basic-car-game@1.0.0
6 silly lifecycle basic-car-game@1.0.0~prestart: no script for prestart, continuing
7 info lifecycle basic-car-game@1.0.0~start: basic-car-game@1.0.0
8 verbose lifecycle basic-car-game@1.0.0~start: unsafe-perm in lifecycle true
9 verbose lifecycle basic-car-game@1.0.0~start: PATH: X:\CODE\_javascript\nodejs\node_modules\npm\bin\node-gyp-bin;W:\CODE\Javascript\__Lambda\simple-car-game\node_modules\.bin;W:\CODE\VisualStudio\2017\VC\Tools\MSVC\14.10.25017\bin\HostX86\x86;W:\CODE\VisualStudio\2017\Common7\IDE\VC\VCPackages;C:\Program Files (x86)\Microsoft SDKs\TypeScript\2.1;W:\CODE\VisualStudio\2017\Common7\IDE\CommonExtensions\Microsoft\TestWindow;W:\CODE\VisualStudio\2017\Common7\IDE\CommonExtensions\Microsoft\TeamFoundation\Team Explorer;W:\CODE\VisualStudio\2017\MSBuild\15.0\Bin\Roslyn;W:\CODE\VisualStudio\2017\Team Tools\Performance Tools\;C:\Program Files (x86)\Microsoft Visual Studio\Shared\Common\VSPerfCollectionTools;C:\Program Files (x86)\Microsoft SDKs\Windows\v10.0A\bin\NETFX 4.6.1 Tools\;C:\Program Files (x86)\Microsoft SDKs\Windows Kits\10\bin\x86;C:\Program Files (x86)\Microsoft SDKs\Windows Kits\10\bin\10.0.14393.0\x86;C:\Program Files (x86)\Microsoft SDKs\Windows Kits\10\;W:\CODE\VisualStudio\2017\MSBuild\15.0\Bin;C:\Windows\Microsoft.NET\Framework\v4.0.30319;W:\CODE\VisualStudio\2017\Common7\IDE\;W:\CODE\VisualStudio\2017\Common7\Tools\;C:\Windows\system32;C:\Windows;C:\Windows\system32\wbem;C:\Windows\System32\WindowsPowerShell\v1.0;x:\net\quicktime\qtsystem;c:\program files\vdownloader;C:\Program Files (x86)\NVIDIA Corporation\PhysX\Common;C:\Program Files (x86)\Skype\Phone;W:\CODE\Haxe\__IDE\Compiler\haxe;W:\CODE\Haxe\__IDE\Compiler\neko;W:\Code\Git\cmd;W:\Code\Javascript\nodejs\;C:\Program Files\Microsoft SQL Server\130\Tools\Binn\;C:\Program Files\dotnet\;C:\Program Files (x86)\GtkSharp\2.12\bin;X:\CODE\_javascript\nodejs\node_modules\npm;W:\CODE\VS_Code\bin;X:\CODE\_javascript\nodejs\;C:\Program Files (x86)\Xoreax\IncrediBuild;W:\CODE\MongoDB\Server\3.4\bin;C:\Program Files\MySQL\MySQL Utilities 1.6\;C:\ProgramData\chocolatey\bin;W:\CODE\VisualStudio\2017\Enterprise\Web\External\node_modules\npm;C:\Users\Ransilon\AppData\Roaming\npm;W:\CODE\VS_Code\bin;W:\CODE\Docker_Toolbox
10 verbose lifecycle basic-car-game@1.0.0~start: CWD: W:\CODE\Javascript\__Lambda\simple-car-game
11 silly lifecycle basic-car-game@1.0.0~start: Args: [ '/d /s /c', 'nodemon server/index.js' ]
12 silly lifecycle basic-car-game@1.0.0~start: Returned: code: 3221225786  signal: null
13 info lifecycle basic-car-game@1.0.0~start: Failed to exec start script
14 verbose stack Error: basic-car-game@1.0.0 start: `nodemon server/index.js`
14 verbose stack Exit status 3221225786
14 verbose stack     at EventEmitter.<anonymous> (X:\CODE\_javascript\nodejs\node_modules\npm\lib\utils\lifecycle.js:255:16)
14 verbose stack     at emitTwo (events.js:106:13)
14 verbose stack     at EventEmitter.emit (events.js:191:7)
14 verbose stack     at ChildProcess.<anonymous> (X:\CODE\_javascript\nodejs\node_modules\npm\lib\utils\spawn.js:40:14)
14 verbose stack     at emitTwo (events.js:106:13)
14 verbose stack     at ChildProcess.emit (events.js:191:7)
14 verbose stack     at maybeClose (internal/child_process.js:891:16)
14 verbose stack     at Process.ChildProcess._handle.onexit (internal/child_process.js:226:5)
15 verbose pkgid basic-car-game@1.0.0
16 verbose cwd W:\CODE\Javascript\__Lambda\simple-car-game
17 error Windows_NT 6.1.7601
18 error argv "X:\\CODE\\_javascript\\nodejs\\node.exe" "X:\\CODE\\_javascript\\nodejs\\node_modules\\npm\\bin\\npm-cli.js" "run" "start"
19 error node v6.11.0
20 error npm  v3.10.10
21 error code ELIFECYCLE
22 error basic-car-game@1.0.0 start: `nodemon server/index.js`
22 error Exit status 3221225786
23 error Failed at the basic-car-game@1.0.0 start script 'nodemon server/index.js'.
23 error Make sure you have the latest version of node.js and npm installed.
23 error If you do, this is most likely a problem with the basic-car-game package,
23 error not with npm itself.
23 error Tell the author that this fails on your system:
23 error     nodemon server/index.js
23 error You can get information on how to open an issue for this project with:
23 error     npm bugs basic-car-game
23 error Or if that isn't available, you can get their info via:
23 error     npm owner ls basic-car-game
23 error There is likely additional logging output above.
24 verbose exit [ 1, true ]
